<?xml version="1.0" encoding="UTF-8"?>
<testsuite name="com.studentapp.studentinfo.StudentCURDTestWithSteps" time="0" tests="4" errors="4" skipped="0" failures="0">
  <properties>
[...]
</properties>
  <testcase name="test001" classname="com.studentapp.studentinfo.StudentCURDTestWithSteps" time="0">
    <error type="java.lang.NullPointerException:">java.lang.NullPointerException: null
	at com.studentapp.studentinfo.StudentCURDTestWithSteps.test001(StudentCURDTestWithSteps.java:32)
</error>
    <system-err><![CDATA[9062 [pool-1-thread-3] INFO net.thucydides.core.reports.json.JSONTestOutcomeReporter - Generating JSON report for This is manual to file C:\Users\kaush\IdeaProjects\student-app-serenity-week19HW\target\site\serenity\b713d3dc9afb614ddfaa1292ddc60ed8fe9bae653c609fde94c8e8847a25518c.json (using temp file C:\Users\kaush\IdeaProjects\student-app-serenity-week19HW\target\site\serenity\b713d3dc9afb614ddfaa1292ddc60ed8fe9bae653c609fde94c8e8847a25518c.json2477c7e7-7456-40ae-a8c4-1fc8f2a9ef62)
9068 [pool-1-thread-1] INFO net.thucydides.core.reports.json.JSONTestOutcomeReporter - Generating JSON report for This test will get the information of all the student to file C:\Users\kaush\IdeaProjects\student-app-serenity-week19HW\target\site\serenity\20c42747a8d04609d5b7939fd2a9ba622809d42bf9641cc9c1db9549d859f4e4.json (using temp file C:\Users\kaush\IdeaProjects\student-app-serenity-week19HW\target\site\serenity\20c42747a8d04609d5b7939fd2a9ba622809d42bf9641cc9c1db9549d859f4e4.json4793d950-9c52-44a5-9d02-ce81477bd6b6)
9068 [pool-1-thread-2] INFO net.thucydides.core.reports.json.JSONTestOutcomeReporter - Generating JSON report for Thisis a pending to file C:\Users\kaush\IdeaProjects\student-app-serenity-week19HW\target\site\serenity\cb901f7fde9c16747b599432b9491b0b36f6757b9fa7a065792e9f224a02c0a0.json (using temp file C:\Users\kaush\IdeaProjects\student-app-serenity-week19HW\target\site\serenity\cb901f7fde9c16747b599432b9491b0b36f6757b9fa7a065792e9f224a02c0a0.json9a063c34-5e15-4ab5-9f02-3ca2d2373f4f)
9069 [pool-1-thread-4] INFO net.thucydides.core.reports.json.JSONTestOutcomeReporter - Generating JSON report for This is compromised to file C:\Users\kaush\IdeaProjects\student-app-serenity-week19HW\target\site\serenity\c38f0141b916db04416de8bf1d4a263c15c4bf8a1f2d3fc4ce2c8db5b8f058c7.json (using temp file C:\Users\kaush\IdeaProjects\student-app-serenity-week19HW\target\site\serenity\c38f0141b916db04416de8bf1d4a263c15c4bf8a1f2d3fc4ce2c8db5b8f058c7.jsond9b5eaaf-3daf-49ed-ac59-9e2dbd6b0259)
9161 [pool-1-thread-2] INFO net.thucydides.core.reports.json.JSONTestOutcomeReporter - Generating JSON report for This is a test with error to file C:\Users\kaush\IdeaProjects\student-app-serenity-week19HW\target\site\serenity\cf0ce52066dfb2d519133f864035becbee9deb23afdbe32f61cf346c16692472.json (using temp file C:\Users\kaush\IdeaProjects\student-app-serenity-week19HW\target\site\serenity\cf0ce52066dfb2d519133f864035becbee9deb23afdbe32f61cf346c16692472.json483691ef-c1af-43a0-8afd-c3969d9d2ba2)
9173 [pool-1-thread-3] INFO net.thucydides.core.reports.json.JSONTestOutcomeReporter - Generating JSON report for Thisis skipped to file C:\Users\kaush\IdeaProjects\student-app-serenity-week19HW\target\site\serenity\79508efde1cd4dfd8d5f71f6c752b598288e6aea0afb592d20ec6f68edc0495e.json (using temp file C:\Users\kaush\IdeaProjects\student-app-serenity-week19HW\target\site\serenity\79508efde1cd4dfd8d5f71f6c752b598288e6aea0afb592d20ec6f68edc0495e.jsonecd37f23-28ac-45d6-a214-68387e9d9ee8)
9175 [pool-1-thread-4] INFO net.thucydides.core.reports.json.JSONTestOutcomeReporter - Generating JSON report for Get all students to file C:\Users\kaush\IdeaProjects\student-app-serenity-week19HW\target\site\serenity\32b051f27fe37ac8f00246aa01c3c92b7e0b4d1e8af0e3746fed6c9c1fb929f3.json (using temp file C:\Users\kaush\IdeaProjects\student-app-serenity-week19HW\target\site\serenity\32b051f27fe37ac8f00246aa01c3c92b7e0b4d1e8af0e3746fed6c9c1fb929f3.jsonee5a1323-fae8-4993-b1cb-ad62be1b0525)
9529 [pool-2-thread-2] INFO net.thucydides.core.reports.html.HtmlAcceptanceTestReporter - GENERATING HTML REPORT FOR First serenity test:thisisAPending in cb901f7fde9c16747b599432b9491b0b36f6757b9fa7a065792e9f224a02c0a0.html in directory target\site\serenity  
9530 [pool-2-thread-4] INFO net.thucydides.core.reports.html.HtmlAcceptanceTestReporter - GENERATING HTML REPORT FOR First serenity test:thisIsCompromised in c38f0141b916db04416de8bf1d4a263c15c4bf8a1f2d3fc4ce2c8db5b8f058c7.html in directory target\site\serenity  
9530 [pool-2-thread-3] INFO net.thucydides.core.reports.html.HtmlAcceptanceTestReporter - GENERATING HTML REPORT FOR First serenity test:thisIsManual in b713d3dc9afb614ddfaa1292ddc60ed8fe9bae653c609fde94c8e8847a25518c.html in directory target\site\serenity  
9539 [pool-2-thread-1] INFO net.thucydides.core.reports.html.HtmlAcceptanceTestReporter - GENERATING HTML REPORT FOR First serenity test:test001 in 20c42747a8d04609d5b7939fd2a9ba622809d42bf9641cc9c1db9549d859f4e4.html in directory target\site\serenity  
11292 [pool-2-thread-1] INFO net.thucydides.core.reports.html.HtmlAcceptanceTestReporter - GENERATING HTML REPORT FOR First serenity test:thisIsATestWithError in cf0ce52066dfb2d519133f864035becbee9deb23afdbe32f61cf346c16692472.html in directory target\site\serenity  
11349 [pool-2-thread-1] INFO net.thucydides.core.reports.html.HtmlAcceptanceTestReporter - GENERATING HTML REPORT FOR First serenity test:getAllStudents in 32b051f27fe37ac8f00246aa01c3c92b7e0b4d1e8af0e3746fed6c9c1fb929f3.html in directory target\site\serenity  
11380 [pool-2-thread-1] INFO net.thucydides.core.reports.html.HtmlAcceptanceTestReporter - GENERATING HTML REPORT FOR First serenity test:thisisSkipped in 79508efde1cd4dfd8d5f71f6c752b598288e6aea0afb592d20ec6f68edc0495e.html in directory target\site\serenity  
]]></system-err>
  </testcase>
  <testcase name="test002" classname="com.studentapp.studentinfo.StudentCURDTestWithSteps" time="0">
    <error type="java.lang.NullPointerException:">java.lang.NullPointerException: null
	at com.studentapp.studentinfo.StudentCURDTestWithSteps.test002(StudentCURDTestWithSteps.java:40)
</error>
  </testcase>
  <testcase name="test003" classname="com.studentapp.studentinfo.StudentCURDTestWithSteps" time="0">
    <error type="java.lang.NullPointerException:">java.lang.NullPointerException: null
	at com.studentapp.studentinfo.StudentCURDTestWithSteps.test003(StudentCURDTestWithSteps.java:52)
</error>
  </testcase>
  <testcase name="test004" classname="com.studentapp.studentinfo.StudentCURDTestWithSteps" time="0">
    <error type="java.lang.NullPointerException:">java.lang.NullPointerException: null
	at com.studentapp.studentinfo.StudentCURDTestWithSteps.test004(StudentCURDTestWithSteps.java:60)
</error>
  </testcase>
</testsuite>