<?xml version="1.0" encoding="UTF-8"?><testsuite errors="2" failures="0" name="com.studentapp.studentinfo.FirstSerenityTest" skipped="3" tests="7" time="7.1" timestamp="2022-01-11T21:13:53.854Z[Europe/London]"><testcase classname="com.studentapp.studentinfo.FirstSerenityTest" name="This test will get the information of all the student"/><testcase classname="com.studentapp.studentinfo.FirstSerenityTest" name="Thisis a pending"><skipped/></testcase><testcase classname="com.studentapp.studentinfo.FirstSerenityTest" name="This is manual"><skipped/></testcase><testcase classname="com.studentapp.studentinfo.FirstSerenityTest" name="This is compromised"><error message="E:\file.txt (The system cannot find the path specified)" type="java.io.FileNotFoundException">E:\file.txt (The system cannot find the path specified)</error><system-err>E:\file.txt (The system cannot find the path specified)&#13;
com.studentapp.studentinfo.FirstSerenityTest.thisIsCompromised(FirstSerenityTest.java:57)&#13;
</system-err></testcase><testcase classname="com.studentapp.studentinfo.FirstSerenityTest" name="This is a test with error"><error message="/ by zero" type="java.lang.ArithmeticException">/ by zero</error><system-err>/ by zero&#13;
com.studentapp.studentinfo.FirstSerenityTest.thisIsATestWithError(FirstSerenityTest.java:45)&#13;
</system-err></testcase><testcase classname="com.studentapp.studentinfo.FirstSerenityTest" name="Get all students"/><testcase classname="com.studentapp.studentinfo.FirstSerenityTest" name="Thisis skipped"><skipped/></testcase></testsuite>